<?xml version="1.0" encoding="UTF-8"?>
<testng-results ignored="0" total="1" passed="1" failed="0" skipped="0">
  <reporter-output>
    <line>
      <![CDATA[TY_PROJ_602]]>
    </line>
    <line>
      <![CDATA[validation succesful]]>
    </line>
  </reporter-output>
  <suite started-at="2022-02-12T19:11:59 IST" name="Default suite" finished-at="2022-02-12T19:12:02 IST" duration-ms="2467">
    <groups>
    </groups>
    <test started-at="2022-02-12T19:11:59 IST" name="Default test" finished-at="2022-02-12T19:12:02 IST" duration-ms="2467">
      <class name="com.RMGYantraTests.UpdateResourseAndVerifyInDB">
        <test-method is-config="true" signature="bsConfig()[pri:0, instance:com.RMGYantraTests.UpdateResourseAndVerifyInDB@3bf9ce3e]" started-at="2022-02-12T19:11:58 IST" name="bsConfig" finished-at="2022-02-12T19:11:59 IST" duration-ms="1210" status="PASS">
          <reporter-output>
          </reporter-output>
        </test-method> <!-- bsConfig -->
        <test-method signature="updateResourseAndVerifyInDB()[pri:0, instance:com.RMGYantraTests.UpdateResourseAndVerifyInDB@3bf9ce3e]" started-at="2022-02-12T19:11:59 IST" name="updateResourseAndVerifyInDB" finished-at="2022-02-12T19:12:02 IST" duration-ms="2425" status="PASS">
          <reporter-output>
            <line>
              <![CDATA[TY_PROJ_602]]>
            </line>
            <line>
              <![CDATA[validation succesful]]>
            </line>
          </reporter-output>
        </test-method> <!-- updateResourseAndVerifyInDB -->
        <test-method is-config="true" signature="asConfig()[pri:0, instance:com.RMGYantraTests.UpdateResourseAndVerifyInDB@3bf9ce3e]" started-at="2022-02-12T19:12:02 IST" name="asConfig" finished-at="2022-02-12T19:12:02 IST" duration-ms="8" status="PASS">
          <reporter-output>
          </reporter-output>
        </test-method> <!-- asConfig -->
      </class> <!-- com.RMGYantraTests.UpdateResourseAndVerifyInDB -->
    </test> <!-- Default test -->
  </suite> <!-- Default suite -->
</testng-results>
