<?xml version="1.0" encoding="UTF-8"?>
<testng-results ignored="0" total="1" passed="1" failed="0" skipped="0">
  <reporter-output>
  </reporter-output>
  <suite started-at="2022-02-12T21:02:00 IST" name="Default suite" finished-at="2022-02-12T21:02:05 IST" duration-ms="4861">
    <groups>
    </groups>
    <test started-at="2022-02-12T21:02:00 IST" name="Default test" finished-at="2022-02-12T21:02:05 IST" duration-ms="4861">
      <class name="practise.CreateProjAndAllocateToEmp">
        <test-method signature="createProjAndAllocateToEmp()[pri:0, instance:practise.CreateProjAndAllocateToEmp@6631f5ca]" started-at="2022-02-12T21:02:01 IST" name="createProjAndAllocateToEmp" finished-at="2022-02-12T21:02:05 IST" duration-ms="4747" status="PASS">
          <reporter-output>
          </reporter-output>
        </test-method> <!-- createProjAndAllocateToEmp -->
      </class> <!-- practise.CreateProjAndAllocateToEmp -->
    </test> <!-- Default test -->
  </suite> <!-- Default suite -->
</testng-results>
