<?xml version="1.0" encoding="UTF-8"?>
<testng-results ignored="0" total="1" passed="1" failed="0" skipped="0">
  <reporter-output>
  </reporter-output>
  <suite started-at="2021-12-31T12:49:29Z" name="Default suite" finished-at="2021-12-31T12:49:29Z" duration-ms="50">
    <groups>
    </groups>
    <test started-at="2021-12-31T12:49:29Z" name="Default test" finished-at="2021-12-31T12:49:29Z" duration-ms="50">
      <class name="Contacts.CreateContactTest">
        <test-method signature="insideCreateContactTest()[pri:0, instance:Contacts.CreateContactTest@409c54f]" started-at="2021-12-31T12:49:29Z" name="insideCreateContactTest" finished-at="2021-12-31T12:49:29Z" duration-ms="10" status="PASS">
          <reporter-output>
          </reporter-output>
        </test-method> <!-- insideCreateContactTest -->
      </class> <!-- Contacts.CreateContactTest -->
    </test> <!-- Default test -->
  </suite> <!-- Default suite -->
</testng-results>
